<?xml version="1.0" encoding="UTF-8"?>
<!-- Generated by org.testng.reporters.JUnitReportReporter -->
<testsuite hostname="LAPTOP-BOQFGTCI" failures="0" tests="3" name="TestNg.B" time="0.006" errors="0" timestamp="2023-03-14T11:21:04 IST" skipped="0">
  <testcase classname="TestNg.B" name="wakeUpinTheMorning" time="0.002"/>
  <system-out/>
  <testcase classname="TestNg.B" name="havemybreakfast" time="0.002"/>
  <system-out/>
  <testcase classname="TestNg.B" name="goToQspiders" time="0.002"/>
  <system-out/>
</testsuite> <!-- TestNg.B -->
