<?xml version="1.0" encoding="UTF-8"?>
<!-- Generated by org.testng.reporters.JUnitReportReporter -->
<testsuite hostname="LAPTOP-BOQFGTCI" failures="0" tests="7" name="TestNg.D" time="0.017" errors="0" timestamp="2023-03-14T11:21:04 IST" skipped="2">
  <testcase classname="TestNg.D" name="test3" time="0.001"/>
  <system-out/>
  <testcase classname="TestNg.D" name="test3" time="0.003"/>
  <system-out/>
  <testcase classname="TestNg.D" name="test3" time="0.002"/>
  <system-out/>
  <testcase classname="TestNg.D" name="test3" time="0.007"/>
  <system-out/>
  <testcase classname="TestNg.D" name="test3" time="0.004"/>
  <system-out/>
  <testcase classname="TestNg.D" name="test1">
    <skipped/>
  </testcase> <!-- test1 -->
  <system-out/>
  <testcase classname="TestNg.D" name="test2">
    <skipped/>
  </testcase> <!-- test2 -->
  <system-out/>
</testsuite> <!-- TestNg.D -->
