<?xml version="1.0" encoding="UTF-8"?>
<!-- Generated by org.testng.reporters.JUnitReportReporter -->
<testsuite hostname="LAPTOP-BOQFGTCI" failures="0" tests="1" name="TestNg.F" time="9.518" errors="0" timestamp="2023-03-15T10:53:39 IST" skipped="0">
  <testcase classname="TestNg.F" name="test" time="9.518"/>
  <system-out/>
</testsuite> <!-- TestNg.F -->
