<?xml version="1.0" encoding="UTF-8"?>
<!-- Generated by org.testng.reporters.JUnitReportReporter -->
<testsuite hostname="LAPTOP-BOQFGTCI" failures="0" tests="1" name="TestNg.H" time="5.919" errors="0" timestamp="2023-03-15T11:18:00 IST" skipped="0">
  <testcase classname="TestNg.H" name="test" time="5.919"/>
  <system-out/>
</testsuite> <!-- TestNg.H -->
