<?xml version="1.0" encoding="UTF-8"?>
<!-- Generated by org.testng.reporters.JUnitReportReporter -->
<testsuite hostname="LAPTOP-BOQFGTCI" failures="0" tests="2" name="TestNg.E" time="0.008" errors="0" timestamp="2023-03-15T10:39:37 IST" skipped="0">
  <testcase classname="TestNg.E" name="test4" time="0.002"/>
  <system-out/>
  <testcase classname="TestNg.E" name="test3" time="0.006"/>
  <system-out/>
</testsuite> <!-- TestNg.E -->
