<?xml version="1.0" encoding="UTF-8"?>
<!-- Generated by org.testng.reporters.JUnitReportReporter -->
<testsuite hostname="LAPTOP-BOQFGTCI" failures="0" tests="1" name="TestNg.G" time="9.592" errors="0" timestamp="2023-03-15T10:53:39 IST" skipped="0">
  <testcase classname="TestNg.G" name="test2" time="9.592"/>
  <system-out/>
</testsuite> <!-- TestNg.G -->
