<?xml version="1.0" encoding="UTF-8"?>
<!-- Generated by org.testng.reporters.JUnitReportReporter -->
<testsuite hostname="LAPTOP-BOQFGTCI" failures="0" tests="2" name="TestNg.A" time="0.006" errors="0" timestamp="2023-03-14T11:21:04 IST" skipped="0">
  <testcase classname="TestNg.A" name="test1" time="0.004"/>
  <system-out/>
  <testcase classname="TestNg.A" name="test" time="0.002"/>
  <system-out/>
</testsuite> <!-- TestNg.A -->
